SF:lib/app/modules/weather/weather_model.dart
DA:21,1
DA:35,1
DA:36,1
DA:37,2
DA:38,3
DA:39,3
DA:42,2
DA:43,2
DA:44,2
DA:45,2
DA:46,4
DA:47,1
DA:48,2
DA:49,3
DA:50,3
DA:53,2
DA:54,2
DA:55,2
DA:56,2
DA:57,2
DA:60,2
DA:63,0
DA:84,0
DA:101,1
DA:102,2
DA:103,2
DA:104,3
DA:105,2
DA:106,2
DA:107,2
DA:108,2
DA:109,2
DA:110,2
DA:111,2
DA:112,2
DA:113,2
DA:114,2
DA:115,2
DA:118,0
DA:121,0
DA:131,1
DA:133,1
DA:134,2
DA:135,2
DA:136,2
DA:137,2
DA:140,2
DA:143,0
DA:153,1
DA:155,1
DA:156,2
DA:157,2
DA:158,2
DA:159,2
DA:162,2
DA:165,0
LF:56
LH:50
end_of_record
SF:lib/app/modules/weather/weather_model.g.dart
DA:9,2
DA:10,1
DA:11,0
DA:12,0
DA:13,1
DA:14,1
DA:15,1
DA:16,1
DA:17,1
DA:19,2
DA:20,1
DA:21,3
DA:22,1
DA:23,1
DA:24,1
DA:25,1
DA:26,1
DA:27,1
DA:30,0
DA:31,0
DA:32,0
DA:33,0
DA:34,0
DA:35,0
DA:36,0
DA:37,0
DA:38,0
DA:39,0
DA:40,0
DA:41,0
DA:42,0
DA:43,0
DA:46,0
DA:47,0
DA:48,0
DA:49,0
DA:50,0
DA:51,0
DA:52,0
DA:53,0
DA:54,0
DA:55,0
DA:56,0
DA:57,0
DA:58,0
DA:59,0
DA:60,0
DA:61,0
DA:62,0
DA:65,0
DA:66,0
DA:67,0
DA:68,0
DA:69,0
DA:70,0
DA:71,0
DA:72,0
DA:73,0
DA:74,0
DA:75,0
DA:76,0
DA:77,0
DA:78,0
DA:79,0
DA:80,0
DA:81,0
DA:97,2
DA:98,1
DA:99,1
DA:100,1
DA:101,1
DA:104,0
DA:105,0
DA:106,0
DA:107,0
DA:108,0
DA:111,2
DA:112,1
DA:113,1
DA:114,1
DA:115,1
DA:118,0
DA:119,0
DA:120,0
DA:121,0
DA:122,0
LF:86
LH:26
end_of_record
SF:lib/services/weather_service.dart
DA:11,1
DA:13,1
DA:14,5
DA:16,2
DA:19,3
DA:23,0
DA:27,0
DA:28,0
DA:30,0
DA:33,0
DA:34,0
DA:38,0
LF:12
LH:5
end_of_record
SF:lib/app/modules/weather/city_model.dart
DA:7,0
DA:9,0
DA:10,0
DA:11,0
DA:12,0
DA:13,0
DA:16,0
DA:17,0
DA:18,0
DA:19,0
DA:20,0
DA:21,0
LF:12
LH:0
end_of_record
SF:lib/app/modules/weather/weather_types.dart
DA:6,2
DA:9,0
DA:11,0
DA:12,0
DA:13,0
DA:14,0
DA:15,0
DA:16,0
DA:17,0
DA:18,0
DA:19,0
DA:20,0
DA:21,0
DA:22,0
DA:24,0
DA:28,0
DA:30,0
DA:33,0
DA:36,0
DA:37,0
DA:43,0
DA:44,0
DA:47,0
DA:48,0
DA:52,0
DA:60,0
DA:80,0
DA:89,0
DA:101,0
DA:113,0
DA:128,1
DA:130,5
LF:32
LH:3
end_of_record
