SF:lib/app/modules/weather/city_model.dart
DA:7,0
DA:9,2
DA:10,4
DA:11,4
DA:12,4
DA:13,4
DA:16,1
DA:17,1
DA:18,2
DA:19,2
DA:20,2
DA:21,2
LF:12
LH:11
end_of_record
SF:lib/app/modules/weather/weather_model.dart
DA:17,0
DA:31,3
DA:32,3
DA:33,6
DA:34,9
DA:35,9
DA:38,6
DA:39,6
DA:40,6
DA:41,6
DA:42,12
DA:43,3
DA:44,6
DA:45,9
DA:46,9
DA:49,6
DA:50,6
DA:51,6
DA:52,6
DA:53,6
DA:56,1
DA:57,1
DA:58,1
DA:59,6
DA:61,2
DA:62,2
DA:63,2
DA:64,2
DA:65,1
DA:66,3
DA:68,1
DA:69,6
DA:71,2
DA:72,2
DA:73,2
DA:74,2
DA:75,2
DA:97,0
DA:114,3
DA:115,6
DA:116,6
DA:117,9
DA:118,6
DA:119,6
DA:120,6
DA:121,6
DA:122,6
DA:123,6
DA:124,6
DA:125,6
DA:126,6
DA:127,6
DA:128,6
DA:129,6
DA:132,1
DA:133,1
DA:134,2
DA:135,2
DA:136,3
DA:137,2
DA:138,2
DA:139,2
DA:140,2
DA:141,2
DA:142,2
DA:143,2
DA:144,2
DA:145,2
DA:146,2
DA:147,2
DA:148,2
DA:159,0
DA:161,3
DA:162,6
DA:163,6
DA:164,6
DA:165,6
DA:168,1
DA:169,1
DA:170,2
DA:171,2
DA:172,2
DA:173,2
DA:184,0
DA:186,3
DA:187,6
DA:188,6
DA:189,6
DA:190,6
DA:193,1
DA:194,1
DA:195,2
DA:196,2
DA:197,2
DA:198,2
LF:95
LH:91
end_of_record
SF:lib/app/modules/weather/weather_types.dart
DA:6,7
DA:9,0
DA:11,0
DA:12,0
DA:13,0
DA:14,0
DA:15,0
DA:16,0
DA:17,0
DA:18,0
DA:19,0
DA:20,0
DA:21,0
DA:22,0
DA:24,0
DA:28,1
DA:29,3
DA:32,0
DA:34,0
DA:37,0
DA:40,0
DA:41,0
DA:47,0
DA:48,0
DA:51,0
DA:52,0
DA:56,0
DA:64,0
DA:84,0
DA:93,0
DA:105,0
DA:117,0
DA:132,3
DA:134,15
LF:34
LH:5
end_of_record
SF:lib/app/modules/weather/controllers/weather_controller.dart
DA:20,1
DA:23,1
DA:24,1
DA:25,1
DA:28,0
DA:29,0
DA:31,0
DA:34,1
DA:36,5
DA:38,0
DA:40,2
DA:41,7
DA:42,6
DA:43,4
DA:44,3
DA:45,1
DA:48,0
DA:49,0
DA:52,1
DA:53,6
DA:54,3
DA:57,0
DA:59,0
DA:62,0
LF:24
LH:15
end_of_record
SF:lib/services/weather_service.dart
DA:10,2
DA:12,2
DA:13,10
DA:15,4
DA:18,6
DA:22,0
DA:26,1
DA:27,5
DA:29,2
DA:32,2
DA:33,4
DA:37,1
LF:12
LH:11
end_of_record
SF:lib/app/routes/app_pages.dart
DA:11,0
DA:15,0
LF:2
LH:0
end_of_record
SF:lib/app/routes/app_routes.dart
DA:5,0
DA:11,0
LF:2
LH:0
end_of_record
SF:lib/app/modules/settings/bindings/settings_binding.dart
DA:6,0
DA:8,0
DA:9,0
LF:3
LH:0
end_of_record
SF:lib/app/modules/settings/controllers/settings_controller.dart
DA:11,0
DA:13,0
DA:14,0
DA:15,0
DA:16,0
DA:17,0
DA:19,0
DA:22,0
DA:23,0
LF:9
LH:0
end_of_record
SF:lib/app/modules/settings/views/settings_view.dart
DA:8,0
DA:10,0
DA:11,0
DA:15,0
DA:16,0
DA:17,0
DA:18,0
DA:19,0
DA:20,0
DA:21,0
LF:10
LH:0
end_of_record
SF:lib/app/modules/settings/widgets/setting.dart
DA:10,0
DA:12,0
DA:14,0
DA:16,0
DA:18,0
DA:19,0
DA:20,0
DA:23,0
LF:8
LH:0
end_of_record
SF:lib/app/modules/weather/bindings/weather_binding.dart
DA:9,0
DA:11,0
DA:13,0
DA:14,0
DA:16,0
DA:17,0
LF:6
LH:0
end_of_record
SF:lib/app/modules/weather/views/weather_view.dart
DA:11,0
DA:13,0
DA:17,0
DA:18,0
DA:19,0
DA:20,0
DA:21,0
DA:22,0
DA:23,0
DA:25,0
DA:26,0
DA:27,0
DA:29,0
DA:31,0
DA:32,0
DA:33,0
DA:34,0
DA:35,0
DA:38,0
LF:19
LH:0
end_of_record
SF:lib/app/modules/weather/widgets/search_field.dart
DA:10,0
DA:12,0
DA:14,0
DA:15,0
DA:16,0
DA:17,0
DA:19,0
DA:22,0
DA:24,0
DA:26,0
DA:28,0
DA:29,0
DA:30,0
DA:31,0
DA:32,0
DA:33,0
DA:37,0
DA:38,0
DA:39,0
DA:40,0
DA:44,0
DA:47,0
DA:49,0
DA:50,0
DA:52,0
DA:59,0
DA:60,0
DA:61,0
DA:63,0
LF:29
LH:0
end_of_record
SF:lib/app/modules/weather/widgets/weather_data_box.dart
DA:9,0
DA:11,0
DA:12,0
DA:14,0
DA:15,0
DA:16,0
DA:18,0
DA:20,0
DA:21,0
DA:22,0
DA:24,0
DA:26,0
DA:27,0
DA:29,0
DA:31,0
DA:32,0
DA:34,0
LF:17
LH:0
end_of_record
SF:lib/app/modules/weather/widgets/weather_header.dart
DA:10,0
DA:12,0
DA:15,0
DA:16,0
DA:19,0
DA:20,0
DA:21,0
DA:22,0
DA:24,0
DA:27,0
DA:28,0
DA:29,0
DA:30,0
DA:32,0
DA:37,0
DA:39,0
DA:40,0
DA:41,0
DA:42,0
LF:19
LH:0
end_of_record
SF:lib/app/modules/weather/widgets/weather_data_point.dart
DA:11,0
DA:13,0
DA:15,0
DA:16,0
DA:17,0
DA:18,0
DA:19,0
DA:20,0
DA:22,0
DA:23,0
DA:24,0
LF:11
LH:0
end_of_record
